<?xml version="1.0" encoding="UTF-8"?>
<coverage generated="1786218016171" clover="3.2.0">
  <project timestamp="1786218016171" name="All files">
    <metrics statements="50" coveredstatements="50" conditionals="59" coveredconditionals="55" methods="8" coveredmethods="8" elements="117" coveredelements="113" complexity="0" loc="50" ncloc="50" packages="1" files="1" classes="1"/>
    <file name="attendanceEngine.js" path="D:\attendance_tracker\backend\src\engine\attendanceEngine.js">
      <metrics statements="50" coveredstatements="50" conditionals="59" coveredconditionals="55" methods="8" coveredmethods="8"/>
      <line num="20" count="18" type="stmt"/>
      <line num="21" count="18" type="stmt"/>
      <line num="22" count="18" type="stmt"/>
      <line num="24" count="18" type="stmt"/>
      <line num="25" count="158" type="cond" truecount="2" falsecount="0"/>
      <line num="26" count="68" type="cond" truecount="2" falsecount="0"/>
      <line num="27" count="18" type="cond" truecount="1" falsecount="1"/>
      <line num="30" count="18" type="stmt"/>
      <line num="31" count="18" type="cond" truecount="2" falsecount="0"/>
      <line num="33" count="18" type="stmt"/>
      <line num="54" count="22" type="stmt"/>
      <line num="55" count="22" type="stmt"/>
      <line num="56" count="22" type="stmt"/>
      <line num="59" count="22" type="cond" truecount="4" falsecount="0"/>
      <line num="60" count="12" type="cond" truecount="3" falsecount="1"/>
      <line num="63" count="12" type="cond" truecount="2" falsecount="0"/>
      <line num="65" count="2" type="cond" truecount="4" falsecount="0"/>
      <line num="67" count="1" type="stmt"/>
      <line num="71" count="10" type="stmt"/>
      <line num="72" count="10" type="stmt"/>
      <line num="73" count="10" type="stmt"/>
      <line num="75" count="10" type="stmt"/>
      <line num="95" count="21" type="stmt"/>
      <line num="96" count="21" type="stmt"/>
      <line num="97" count="21" type="stmt"/>
      <line num="100" count="21" type="cond" truecount="4" falsecount="0"/>
      <line num="103" count="16" type="cond" truecount="2" falsecount="0"/>
      <line num="106" count="15" type="cond" truecount="2" falsecount="0"/>
      <line num="109" count="14" type="stmt"/>
      <line num="110" count="14" type="stmt"/>
      <line num="112" count="14" type="stmt"/>
      <line num="137" count="6" type="stmt"/>
      <line num="138" count="11" type="stmt"/>
      <line num="139" count="11" type="cond" truecount="4" falsecount="0"/>
      <line num="143" count="11" type="stmt"/>
      <line num="144" count="11" type="stmt"/>
      <line num="145" count="11" type="cond" truecount="2" falsecount="0"/>
      <line num="147" count="11" type="stmt"/>
      <line num="163" count="6" type="stmt"/>
      <line num="165" count="6" type="cond" truecount="2" falsecount="0"/>
      <line num="166" count="5" type="stmt"/>
      <line num="167" count="5" type="stmt"/>
      <line num="168" count="5" type="stmt"/>
      <line num="169" count="3" type="cond" truecount="2" falsecount="0"/>
      <line num="170" count="3" type="stmt"/>
      <line num="171" count="3" type="stmt"/>
      <line num="172" count="3" type="cond" truecount="2" falsecount="0"/>
      <line num="174" count="3" type="stmt"/>
      <line num="190" count="6" type="stmt"/>
      <line num="193" count="1" type="stmt"/>
    </file>
  </project>
</coverage>
