{"D:\\attendance_tracker\\backend\\src\\engine\\attendanceEngine.js": {"path":"D:\\attendance_tracker\\backend\\src\\engine\\attendanceEngine.js","statementMap":{"0":{"start":{"line":20,"column":17},"end":{"line":20,"column":18}},"1":{"start":{"line":21,"column":15},"end":{"line":21,"column":16}},"2":{"start":{"line":22,"column":18},"end":{"line":22,"column":19}},"3":{"start":{"line":24,"column":2},"end":{"line":28,"column":3}},"4":{"start":{"line":25,"column":4},"end":{"line":27,"column":51}},"5":{"start":{"line":25,"column":33},"end":{"line":25,"column":44}},"6":{"start":{"line":26,"column":9},"end":{"line":27,"column":51}},"7":{"start":{"line":26,"column":36},"end":{"line":26,"column":45}},"8":{"start":{"line":27,"column":9},"end":{"line":27,"column":51}},"9":{"start":{"line":27,"column":39},"end":{"line":27,"column":51}},"10":{"start":{"line":30,"column":16},"end":{"line":30,"column":33}},"11":{"start":{"line":31,"column":21},"end":{"line":31,"column":66}},"12":{"start":{"line":33,"column":2},"end":{"line":33,"column":60}},"13":{"start":{"line":54,"column":12},"end":{"line":54,"column":20}},"14":{"start":{"line":55,"column":12},"end":{"line":55,"column":17}},"15":{"start":{"line":56,"column":12},"end":{"line":56,"column":25}},"16":{"start":{"line":59,"column":2},"end":{"line":59,"column":44}},"17":{"start":{"line":59,"column":35},"end":{"line":59,"column":44}},"18":{"start":{"line":60,"column":2},"end":{"line":60,"column":35}},"19":{"start":{"line":60,"column":26},"end":{"line":60,"column":35}},"20":{"start":{"line":63,"column":2},"end":{"line":68,"column":3}},"21":{"start":{"line":65,"column":4},"end":{"line":65,"column":40}},"22":{"start":{"line":65,"column":24},"end":{"line":65,"column":40}},"23":{"start":{"line":67,"column":4},"end":{"line":67,"column":13}},"24":{"start":{"line":71,"column":20},"end":{"line":71,"column":35}},"25":{"start":{"line":72,"column":22},"end":{"line":72,"column":29}},"26":{"start":{"line":73,"column":12},"end":{"line":73,"column":46}},"27":{"start":{"line":75,"column":2},"end":{"line":75,"column":24}},"28":{"start":{"line":95,"column":12},"end":{"line":95,"column":20}},"29":{"start":{"line":96,"column":12},"end":{"line":96,"column":17}},"30":{"start":{"line":97,"column":12},"end":{"line":97,"column":25}},"31":{"start":{"line":100,"column":2},"end":{"line":100,"column":43}},"32":{"start":{"line":100,"column":34},"end":{"line":100,"column":43}},"33":{"start":{"line":103,"column":2},"end":{"line":103,"column":31}},"34":{"start":{"line":103,"column":15},"end":{"line":103,"column":31}},"35":{"start":{"line":106,"column":2},"end":{"line":106,"column":25}},"36":{"start":{"line":106,"column":16},"end":{"line":106,"column":25}},"37":{"start":{"line":109,"column":20},"end":{"line":109,"column":35}},"38":{"start":{"line":110,"column":12},"end":{"line":110,"column":37}},"39":{"start":{"line":112,"column":2},"end":{"line":112,"column":24}},"40":{"start":{"line":137,"column":23},"end":{"line":161,"column":4}},"41":{"start":{"line":138,"column":18},"end":{"line":138,"column":48}},"42":{"start":{"line":139,"column":19},"end":{"line":141,"column":21}},"43":{"start":{"line":143,"column":19},"end":{"line":143,"column":83}},"44":{"start":{"line":144,"column":21},"end":{"line":144,"column":71}},"45":{"start":{"line":145,"column":28},"end":{"line":145,"column":83}},"46":{"start":{"line":147,"column":4},"end":{"line":160,"column":6}},"47":{"start":{"line":163,"column":16},"end":{"line":163,"column":20}},"48":{"start":{"line":165,"column":2},"end":{"line":188,"column":3}},"49":{"start":{"line":166,"column":26},"end":{"line":166,"column":74}},"50":{"start":{"line":166,"column":56},"end":{"line":166,"column":70}},"51":{"start":{"line":167,"column":22},"end":{"line":167,"column":67}},"52":{"start":{"line":167,"column":52},"end":{"line":167,"column":63}},"53":{"start":{"line":168,"column":27},"end":{"line":168,"column":76}},"54":{"start":{"line":168,"column":57},"end":{"line":168,"column":72}},"55":{"start":{"line":169,"column":23},"end":{"line":169,"column":81}},"56":{"start":{"line":170,"column":19},"end":{"line":170,"column":87}},"57":{"start":{"line":171,"column":21},"end":{"line":171,"column":75}},"58":{"start":{"line":172,"column":22},"end":{"line":172,"column":72}},"59":{"start":{"line":174,"column":4},"end":{"line":187,"column":6}},"60":{"start":{"line":190,"column":2},"end":{"line":190,"column":51}},"61":{"start":{"line":193,"column":0},"end":{"line":198,"column":2}}},"fnMap":{"0":{"name":"calculateAttendance","decl":{"start":{"line":19,"column":9},"end":{"line":19,"column":28}},"loc":{"start":{"line":19,"column":38},"end":{"line":34,"column":1}},"line":19},"1":{"name":"lecturesNeededToReachTarget","decl":{"start":{"line":53,"column":9},"end":{"line":53,"column":36}},"loc":{"start":{"line":53,"column":69},"end":{"line":76,"column":1}},"line":53},"2":{"name":"safeBunkCount","decl":{"start":{"line":94,"column":9},"end":{"line":94,"column":22}},"loc":{"start":{"line":94,"column":55},"end":{"line":113,"column":1}},"line":94},"3":{"name":"getOverallSummary","decl":{"start":{"line":136,"column":9},"end":{"line":136,"column":26}},"loc":{"start":{"line":136,"column":63},"end":{"line":191,"column":1}},"line":136},"4":{"name":"(anonymous_4)","decl":{"start":{"line":137,"column":36},"end":{"line":137,"column":37}},"loc":{"start":{"line":137,"column":43},"end":{"line":161,"column":3}},"line":137},"5":{"name":"(anonymous_5)","decl":{"start":{"line":166,"column":46},"end":{"line":166,"column":47}},"loc":{"start":{"line":166,"column":56},"end":{"line":166,"column":70}},"line":166},"6":{"name":"(anonymous_6)","decl":{"start":{"line":167,"column":42},"end":{"line":167,"column":43}},"loc":{"start":{"line":167,"column":52},"end":{"line":167,"column":63}},"line":167},"7":{"name":"(anonymous_7)","decl":{"start":{"line":168,"column":47},"end":{"line":168,"column":48}},"loc":{"start":{"line":168,"column":57},"end":{"line":168,"column":72}},"line":168}},"branchMap":{"0":{"loc":{"start":{"line":25,"column":4},"end":{"line":27,"column":51}},"type":"if","locations":[{"start":{"line":25,"column":4},"end":{"line":27,"column":51}},{"start":{"line":26,"column":9},"end":{"line":27,"column":51}}],"line":25},"1":{"loc":{"start":{"line":26,"column":9},"end":{"line":27,"column":51}},"type":"if","locations":[{"start":{"line":26,"column":9},"end":{"line":27,"column":51}},{"start":{"line":27,"column":9},"end":{"line":27,"column":51}}],"line":26},"2":{"loc":{"start":{"line":27,"column":9},"end":{"line":27,"column":51}},"type":"if","locations":[{"start":{"line":27,"column":9},"end":{"line":27,"column":51}},{"start":{},"end":{}}],"line":27},"3":{"loc":{"start":{"line":31,"column":21},"end":{"line":31,"column":66}},"type":"cond-expr","locations":[{"start":{"line":31,"column":35},"end":{"line":31,"column":39}},{"start":{"line":31,"column":42},"end":{"line":31,"column":66}}],"line":31},"4":{"loc":{"start":{"line":59,"column":2},"end":{"line":59,"column":44}},"type":"if","locations":[{"start":{"line":59,"column":2},"end":{"line":59,"column":44}},{"start":{},"end":{}}],"line":59},"5":{"loc":{"start":{"line":59,"column":6},"end":{"line":59,"column":33}},"type":"binary-expr","locations":[{"start":{"line":59,"column":6},"end":{"line":59,"column":11}},{"start":{"line":59,"column":15},"end":{"line":59,"column":33}}],"line":59},"6":{"loc":{"start":{"line":60,"column":2},"end":{"line":60,"column":35}},"type":"if","locations":[{"start":{"line":60,"column":2},"end":{"line":60,"column":35}},{"start":{},"end":{}}],"line":60},"7":{"loc":{"start":{"line":60,"column":6},"end":{"line":60,"column":24}},"type":"binary-expr","locations":[{"start":{"line":60,"column":6},"end":{"line":60,"column":13}},{"start":{"line":60,"column":17},"end":{"line":60,"column":24}}],"line":60},"8":{"loc":{"start":{"line":63,"column":2},"end":{"line":68,"column":3}},"type":"if","locations":[{"start":{"line":63,"column":2},"end":{"line":68,"column":3}},{"start":{},"end":{}}],"line":63},"9":{"loc":{"start":{"line":65,"column":4},"end":{"line":65,"column":40}},"type":"if","locations":[{"start":{"line":65,"column":4},"end":{"line":65,"column":40}},{"start":{},"end":{}}],"line":65},"10":{"loc":{"start":{"line":65,"column":8},"end":{"line":65,"column":22}},"type":"binary-expr","locations":[{"start":{"line":65,"column":8},"end":{"line":65,"column":13}},{"start":{"line":65,"column":17},"end":{"line":65,"column":22}}],"line":65},"11":{"loc":{"start":{"line":100,"column":2},"end":{"line":100,"column":43}},"type":"if","locations":[{"start":{"line":100,"column":2},"end":{"line":100,"column":43}},{"start":{},"end":{}}],"line":100},"12":{"loc":{"start":{"line":100,"column":6},"end":{"line":100,"column":32}},"type":"binary-expr","locations":[{"start":{"line":100,"column":6},"end":{"line":100,"column":11}},{"start":{"line":100,"column":15},"end":{"line":100,"column":32}}],"line":100},"13":{"loc":{"start":{"line":103,"column":2},"end":{"line":103,"column":31}},"type":"if","locations":[{"start":{"line":103,"column":2},"end":{"line":103,"column":31}},{"start":{},"end":{}}],"line":103},"14":{"loc":{"start":{"line":106,"column":2},"end":{"line":106,"column":25}},"type":"if","locations":[{"start":{"line":106,"column":2},"end":{"line":106,"column":25}},{"start":{},"end":{}}],"line":106},"15":{"loc":{"start":{"line":136,"column":43},"end":{"line":136,"column":61}},"type":"default-arg","locations":[{"start":{"line":136,"column":59},"end":{"line":136,"column":61}}],"line":136},"16":{"loc":{"start":{"line":139,"column":19},"end":{"line":141,"column":21}},"type":"cond-expr","locations":[{"start":{"line":140,"column":8},"end":{"line":140,"column":23}},{"start":{"line":141,"column":8},"end":{"line":141,"column":21}}],"line":139},"17":{"loc":{"start":{"line":139,"column":19},"end":{"line":139,"column":76}},"type":"binary-expr","locations":[{"start":{"line":139,"column":19},"end":{"line":139,"column":43}},{"start":{"line":139,"column":47},"end":{"line":139,"column":76}}],"line":139},"18":{"loc":{"start":{"line":145,"column":28},"end":{"line":145,"column":83}},"type":"binary-expr","locations":[{"start":{"line":145,"column":28},"end":{"line":145,"column":53}},{"start":{"line":145,"column":57},"end":{"line":145,"column":83}}],"line":145},"19":{"loc":{"start":{"line":153,"column":22},"end":{"line":153,"column":50}},"type":"cond-expr","locations":[{"start":{"line":153,"column":40},"end":{"line":153,"column":41}},{"start":{"line":153,"column":44},"end":{"line":153,"column":50}}],"line":153},"20":{"loc":{"start":{"line":154,"column":17},"end":{"line":154,"column":47}},"type":"cond-expr","locations":[{"start":{"line":154,"column":35},"end":{"line":154,"column":43}},{"start":{"line":154,"column":46},"end":{"line":154,"column":47}}],"line":154},"21":{"loc":{"start":{"line":155,"column":14},"end":{"line":159,"column":20}},"type":"cond-expr","locations":[{"start":{"line":156,"column":10},"end":{"line":156,"column":19}},{"start":{"line":157,"column":10},"end":{"line":159,"column":20}}],"line":155},"22":{"loc":{"start":{"line":157,"column":10},"end":{"line":159,"column":20}},"type":"cond-expr","locations":[{"start":{"line":158,"column":12},"end":{"line":158,"column":18}},{"start":{"line":159,"column":12},"end":{"line":159,"column":20}}],"line":157},"23":{"loc":{"start":{"line":165,"column":2},"end":{"line":188,"column":3}},"type":"if","locations":[{"start":{"line":165,"column":2},"end":{"line":188,"column":3}},{"start":{},"end":{}}],"line":165},"24":{"loc":{"start":{"line":169,"column":23},"end":{"line":169,"column":81}},"type":"cond-expr","locations":[{"start":{"line":169,"column":41},"end":{"line":169,"column":45}},{"start":{"line":169,"column":48},"end":{"line":169,"column":81}}],"line":169},"25":{"loc":{"start":{"line":172,"column":22},"end":{"line":172,"column":72}},"type":"binary-expr","locations":[{"start":{"line":172,"column":22},"end":{"line":172,"column":41}},{"start":{"line":172,"column":45},"end":{"line":172,"column":72}}],"line":172},"26":{"loc":{"start":{"line":180,"column":22},"end":{"line":180,"column":44}},"type":"cond-expr","locations":[{"start":{"line":180,"column":34},"end":{"line":180,"column":35}},{"start":{"line":180,"column":38},"end":{"line":180,"column":44}}],"line":180},"27":{"loc":{"start":{"line":181,"column":17},"end":{"line":181,"column":41}},"type":"cond-expr","locations":[{"start":{"line":181,"column":29},"end":{"line":181,"column":37}},{"start":{"line":181,"column":40},"end":{"line":181,"column":41}}],"line":181},"28":{"loc":{"start":{"line":182,"column":14},"end":{"line":186,"column":20}},"type":"cond-expr","locations":[{"start":{"line":183,"column":10},"end":{"line":183,"column":19}},{"start":{"line":184,"column":10},"end":{"line":186,"column":20}}],"line":182},"29":{"loc":{"start":{"line":184,"column":10},"end":{"line":186,"column":20}},"type":"cond-expr","locations":[{"start":{"line":185,"column":12},"end":{"line":185,"column":18}},{"start":{"line":186,"column":12},"end":{"line":186,"column":20}}],"line":184}},"s":{"0":18,"1":18,"2":18,"3":18,"4":158,"5":90,"6":68,"7":50,"8":18,"9":18,"10":18,"11":18,"12":18,"13":22,"14":22,"15":22,"16":22,"17":10,"18":12,"19":0,"20":12,"21":2,"22":1,"23":1,"24":10,"25":10,"26":10,"27":10,"28":21,"29":21,"30":21,"31":21,"32":5,"33":16,"34":1,"35":15,"36":1,"37":14,"38":14,"39":14,"40":6,"41":11,"42":11,"43":11,"44":11,"45":11,"46":11,"47":6,"48":6,"49":3,"50":5,"51":3,"52":5,"53":3,"54":5,"55":3,"56":3,"57":3,"58":3,"59":3,"60":6,"61":1},"f":{"0":18,"1":22,"2":21,"3":6,"4":11,"5":5,"6":5,"7":5},"b":{"0":[90,68],"1":[50,18],"2":[18,0],"3":[4,14],"4":[10,12],"5":[22,17],"6":[0,12],"7":[12,5],"8":[2,10],"9":[1,1],"10":[2,1],"11":[5,16],"12":[21,16],"13":[1,15],"14":[1,14],"15":[0],"16":[6,5],"17":[11,6],"18":[11,9],"19":[5,6],"20":[5,6],"21":[2,9],"22":[5,4],"23":[3,3],"24":[1,2],"25":[3,2],"26":[2,1],"27":[2,1],"28":[1,2],"29":[2,0]},"_coverageSchema":"1a1c01bbd47fc00a2c39e90264f33305004495a9","hash":"8c2b9ff753baefc186dd047e0f58a46069be6816"}
}
