TN:
SF:src\engine\attendanceEngine.js
FN:19,calculateAttendance
FN:53,lecturesNeededToReachTarget
FN:94,safeBunkCount
FN:136,getOverallSummary
FN:137,(anonymous_4)
FN:166,(anonymous_5)
FN:167,(anonymous_6)
FN:168,(anonymous_7)
FNF:8
FNH:8
FNDA:18,calculateAttendance
FNDA:22,lecturesNeededToReachTarget
FNDA:21,safeBunkCount
FNDA:6,getOverallSummary
FNDA:11,(anonymous_4)
FNDA:5,(anonymous_5)
FNDA:5,(anonymous_6)
FNDA:5,(anonymous_7)
DA:20,18
DA:21,18
DA:22,18
DA:24,18
DA:25,158
DA:26,68
DA:27,18
DA:30,18
DA:31,18
DA:33,18
DA:54,22
DA:55,22
DA:56,22
DA:59,22
DA:60,12
DA:63,12
DA:65,2
DA:67,1
DA:71,10
DA:72,10
DA:73,10
DA:75,10
DA:95,21
DA:96,21
DA:97,21
DA:100,21
DA:103,16
DA:106,15
DA:109,14
DA:110,14
DA:112,14
DA:137,6
DA:138,11
DA:139,11
DA:143,11
DA:144,11
DA:145,11
DA:147,11
DA:163,6
DA:165,6
DA:166,5
DA:167,5
DA:168,5
DA:169,3
DA:170,3
DA:171,3
DA:172,3
DA:174,3
DA:190,6
DA:193,1
LF:50
LH:50
BRDA:25,0,0,90
BRDA:25,0,1,68
BRDA:26,1,0,50
BRDA:26,1,1,18
BRDA:27,2,0,18
BRDA:27,2,1,0
BRDA:31,3,0,4
BRDA:31,3,1,14
BRDA:59,4,0,10
BRDA:59,4,1,12
BRDA:59,5,0,22
BRDA:59,5,1,17
BRDA:60,6,0,0
BRDA:60,6,1,12
BRDA:60,7,0,12
BRDA:60,7,1,5
BRDA:63,8,0,2
BRDA:63,8,1,10
BRDA:65,9,0,1
BRDA:65,9,1,1
BRDA:65,10,0,2
BRDA:65,10,1,1
BRDA:100,11,0,5
BRDA:100,11,1,16
BRDA:100,12,0,21
BRDA:100,12,1,16
BRDA:103,13,0,1
BRDA:103,13,1,15
BRDA:106,14,0,1
BRDA:106,14,1,14
BRDA:136,15,0,0
BRDA:139,16,0,6
BRDA:139,16,1,5
BRDA:139,17,0,11
BRDA:139,17,1,6
BRDA:145,18,0,11
BRDA:145,18,1,9
BRDA:153,19,0,5
BRDA:153,19,1,6
BRDA:154,20,0,5
BRDA:154,20,1,6
BRDA:155,21,0,2
BRDA:155,21,1,9
BRDA:157,22,0,5
BRDA:157,22,1,4
BRDA:165,23,0,3
BRDA:165,23,1,3
BRDA:169,24,0,1
BRDA:169,24,1,2
BRDA:172,25,0,3
BRDA:172,25,1,2
BRDA:180,26,0,2
BRDA:180,26,1,1
BRDA:181,27,0,2
BRDA:181,27,1,1
BRDA:182,28,0,1
BRDA:182,28,1,2
BRDA:184,29,0,2
BRDA:184,29,1,0
BRF:59
BRH:55
end_of_record
